[2014-11-12 19:27:16] production.ERROR: exception 'PDOException' with message 'could not find driver' in /home/echoes/Downloads/laravel/vendor/laravel/framework/src/Illuminate/Database/Connectors/Connector.php:47
Stack trace:
#0 /home/echoes/Downloads/laravel/vendor/laravel/framework/src/Illuminate/Database/Connectors/Connector.php(47): PDO->__construct('pgsql:host=loca...', 'postgres', 'asdf123', Array)
#1 /home/echoes/Downloads/laravel/vendor/laravel/framework/src/Illuminate/Database/Connectors/PostgresConnector.php(34): Illuminate\Database\Connectors\Connector->createConnection('pgsql:host=loca...', Array, Array)
#2 /home/echoes/Downloads/laravel/bootstrap/compiled.php(7632): Illuminate\Database\Connectors\PostgresConnector->connect(Array)
#3 /home/echoes/Downloads/laravel/bootstrap/compiled.php(7628): Illuminate\Database\Connectors\ConnectionFactory->createSingleConnection(Array)
#4 /home/echoes/Downloads/laravel/bootstrap/compiled.php(7540): Illuminate\Database\Connectors\ConnectionFactory->make(Array, 'pgsql')
#5 /home/echoes/Downloads/laravel/bootstrap/compiled.php(7495): Illuminate\Database\DatabaseManager->makeConnection('pgsql')
#6 /home/echoes/Downloads/laravel/bootstrap/compiled.php(7376): Illuminate\Database\DatabaseManager->connection(NULL)
#7 /home/echoes/Downloads/laravel/bootstrap/compiled.php(7363): Illuminate\Database\Eloquent\Model::resolveConnection(NULL)
#8 /home/echoes/Downloads/laravel/bootstrap/compiled.php(6948): Illuminate\Database\Eloquent\Model->getConnection()
#9 /home/echoes/Downloads/laravel/bootstrap/compiled.php(6915): Illuminate\Database\Eloquent\Model->newBaseQueryBuilder()
#10 /home/echoes/Downloads/laravel/bootstrap/compiled.php(6475): Illuminate\Database\Eloquent\Model->newQuery()
#11 /home/echoes/Downloads/laravel/app/controllers/PaisesController.php(15): Illuminate\Database\Eloquent\Model::all()
#12 [internal function]: PaisesController->showDetalles()
#13 /home/echoes/Downloads/laravel/vendor/laravel/framework/src/Illuminate/Routing/Controller.php(231): call_user_func_array(Array, Array)
#14 /home/echoes/Downloads/laravel/bootstrap/compiled.php(5776): Illuminate\Routing\Controller->callAction('showDetalles', Array)
#15 /home/echoes/Downloads/laravel/bootstrap/compiled.php(5764): Illuminate\Routing\ControllerDispatcher->call(Object(PaisesController), Object(Illuminate\Routing\Route), 'showDetalles')
#16 /home/echoes/Downloads/laravel/bootstrap/compiled.php(4971): Illuminate\Routing\ControllerDispatcher->dispatch(Object(Illuminate\Routing\Route), Object(Illuminate\Http\Request), 'PaisesControlle...', 'showDetalles')
#17 [internal function]: Illuminate\Routing\Router->Illuminate\Routing\{closure}()
#18 /home/echoes/Downloads/laravel/bootstrap/compiled.php(5329): call_user_func_array(Object(Closure), Array)
#19 /home/echoes/Downloads/laravel/bootstrap/compiled.php(4996): Illuminate\Routing\Route->run(Object(Illuminate\Http\Request))
#20 /home/echoes/Downloads/laravel/bootstrap/compiled.php(4984): Illuminate\Routing\Router->dispatchToRoute(Object(Illuminate\Http\Request))
#21 /home/echoes/Downloads/laravel/bootstrap/compiled.php(715): Illuminate\Routing\Router->dispatch(Object(Illuminate\Http\Request))
#22 /home/echoes/Downloads/laravel/bootstrap/compiled.php(696): Illuminate\Foundation\Application->dispatch(Object(Illuminate\Http\Request))
#23 /home/echoes/Downloads/laravel/bootstrap/compiled.php(7744): Illuminate\Foundation\Application->handle(Object(Illuminate\Http\Request), 1, true)
#24 /home/echoes/Downloads/laravel/bootstrap/compiled.php(8351): Illuminate\Session\Middleware->handle(Object(Illuminate\Http\Request), 1, true)
#25 /home/echoes/Downloads/laravel/bootstrap/compiled.php(8298): Illuminate\Cookie\Queue->handle(Object(Illuminate\Http\Request), 1, true)
#26 /home/echoes/Downloads/laravel/bootstrap/compiled.php(10961): Illuminate\Cookie\Guard->handle(Object(Illuminate\Http\Request), 1, true)
#27 /home/echoes/Downloads/laravel/bootstrap/compiled.php(657): Stack\StackedHttpKernel->handle(Object(Illuminate\Http\Request))
#28 /home/echoes/Downloads/laravel/public/index.php(49): Illuminate\Foundation\Application->run()
#29 /home/echoes/Downloads/laravel/server.php(19): require_once('/home/echoes/Do...')
#30 {main} [] []
[2014-11-12 19:28:25] production.ERROR: exception 'PDOException' with message 'could not find driver' in /home/echoes/Downloads/laravel/vendor/laravel/framework/src/Illuminate/Database/Connectors/Connector.php:47
Stack trace:
#0 /home/echoes/Downloads/laravel/vendor/laravel/framework/src/Illuminate/Database/Connectors/Connector.php(47): PDO->__construct('pgsql:host=loca...', 'postgres', 'asdf123', Array)
#1 /home/echoes/Downloads/laravel/vendor/laravel/framework/src/Illuminate/Database/Connectors/PostgresConnector.php(34): Illuminate\Database\Connectors\Connector->createConnection('pgsql:host=loca...', Array, Array)
#2 /home/echoes/Downloads/laravel/bootstrap/compiled.php(7632): Illuminate\Database\Connectors\PostgresConnector->connect(Array)
#3 /home/echoes/Downloads/laravel/bootstrap/compiled.php(7628): Illuminate\Database\Connectors\ConnectionFactory->createSingleConnection(Array)
#4 /home/echoes/Downloads/laravel/bootstrap/compiled.php(7540): Illuminate\Database\Connectors\ConnectionFactory->make(Array, 'pgsql')
#5 /home/echoes/Downloads/laravel/bootstrap/compiled.php(7495): Illuminate\Database\DatabaseManager->makeConnection('pgsql')
#6 /home/echoes/Downloads/laravel/bootstrap/compiled.php(7376): Illuminate\Database\DatabaseManager->connection(NULL)
#7 /home/echoes/Downloads/laravel/bootstrap/compiled.php(7363): Illuminate\Database\Eloquent\Model::resolveConnection(NULL)
#8 /home/echoes/Downloads/laravel/bootstrap/compiled.php(6948): Illuminate\Database\Eloquent\Model->getConnection()
#9 /home/echoes/Downloads/laravel/bootstrap/compiled.php(6915): Illuminate\Database\Eloquent\Model->newBaseQueryBuilder()
#10 /home/echoes/Downloads/laravel/bootstrap/compiled.php(6475): Illuminate\Database\Eloquent\Model->newQuery()
#11 /home/echoes/Downloads/laravel/app/controllers/PaisesController.php(10): Illuminate\Database\Eloquent\Model::all()
#12 [internal function]: PaisesController->showListar()
#13 /home/echoes/Downloads/laravel/vendor/laravel/framework/src/Illuminate/Routing/Controller.php(231): call_user_func_array(Array, Array)
#14 /home/echoes/Downloads/laravel/bootstrap/compiled.php(5776): Illuminate\Routing\Controller->callAction('showListar', Array)
#15 /home/echoes/Downloads/laravel/bootstrap/compiled.php(5764): Illuminate\Routing\ControllerDispatcher->call(Object(PaisesController), Object(Illuminate\Routing\Route), 'showListar')
#16 /home/echoes/Downloads/laravel/bootstrap/compiled.php(4971): Illuminate\Routing\ControllerDispatcher->dispatch(Object(Illuminate\Routing\Route), Object(Illuminate\Http\Request), 'PaisesControlle...', 'showListar')
#17 [internal function]: Illuminate\Routing\Router->Illuminate\Routing\{closure}()
#18 /home/echoes/Downloads/laravel/bootstrap/compiled.php(5329): call_user_func_array(Object(Closure), Array)
#19 /home/echoes/Downloads/laravel/bootstrap/compiled.php(4996): Illuminate\Routing\Route->run(Object(Illuminate\Http\Request))
#20 /home/echoes/Downloads/laravel/bootstrap/compiled.php(4984): Illuminate\Routing\Router->dispatchToRoute(Object(Illuminate\Http\Request))
#21 /home/echoes/Downloads/laravel/bootstrap/compiled.php(715): Illuminate\Routing\Router->dispatch(Object(Illuminate\Http\Request))
#22 /home/echoes/Downloads/laravel/bootstrap/compiled.php(696): Illuminate\Foundation\Application->dispatch(Object(Illuminate\Http\Request))
#23 /home/echoes/Downloads/laravel/bootstrap/compiled.php(7744): Illuminate\Foundation\Application->handle(Object(Illuminate\Http\Request), 1, true)
#24 /home/echoes/Downloads/laravel/bootstrap/compiled.php(8351): Illuminate\Session\Middleware->handle(Object(Illuminate\Http\Request), 1, true)
#25 /home/echoes/Downloads/laravel/bootstrap/compiled.php(8298): Illuminate\Cookie\Queue->handle(Object(Illuminate\Http\Request), 1, true)
#26 /home/echoes/Downloads/laravel/bootstrap/compiled.php(10961): Illuminate\Cookie\Guard->handle(Object(Illuminate\Http\Request), 1, true)
#27 /home/echoes/Downloads/laravel/bootstrap/compiled.php(657): Stack\StackedHttpKernel->handle(Object(Illuminate\Http\Request))
#28 /home/echoes/Downloads/laravel/public/index.php(49): Illuminate\Foundation\Application->run()
#29 /home/echoes/Downloads/laravel/server.php(19): require_once('/home/echoes/Do...')
#30 {main} [] []
[2014-11-12 19:29:26] production.ERROR: exception 'PDOException' with message 'could not find driver' in /home/echoes/Downloads/laravel/vendor/laravel/framework/src/Illuminate/Database/Connectors/Connector.php:47
Stack trace:
#0 /home/echoes/Downloads/laravel/vendor/laravel/framework/src/Illuminate/Database/Connectors/Connector.php(47): PDO->__construct('pgsql:host=loca...', 'postgres', 'asdf123', Array)
#1 /home/echoes/Downloads/laravel/vendor/laravel/framework/src/Illuminate/Database/Connectors/PostgresConnector.php(34): Illuminate\Database\Connectors\Connector->createConnection('pgsql:host=loca...', Array, Array)
#2 /home/echoes/Downloads/laravel/bootstrap/compiled.php(7632): Illuminate\Database\Connectors\PostgresConnector->connect(Array)
#3 /home/echoes/Downloads/laravel/bootstrap/compiled.php(7628): Illuminate\Database\Connectors\ConnectionFactory->createSingleConnection(Array)
#4 /home/echoes/Downloads/laravel/bootstrap/compiled.php(7540): Illuminate\Database\Connectors\ConnectionFactory->make(Array, 'pgsql')
#5 /home/echoes/Downloads/laravel/bootstrap/compiled.php(7495): Illuminate\Database\DatabaseManager->makeConnection('pgsql')
#6 /home/echoes/Downloads/laravel/bootstrap/compiled.php(7376): Illuminate\Database\DatabaseManager->connection(NULL)
#7 /home/echoes/Downloads/laravel/bootstrap/compiled.php(7363): Illuminate\Database\Eloquent\Model::resolveConnection(NULL)
#8 /home/echoes/Downloads/laravel/bootstrap/compiled.php(6948): Illuminate\Database\Eloquent\Model->getConnection()
#9 /home/echoes/Downloads/laravel/bootstrap/compiled.php(6915): Illuminate\Database\Eloquent\Model->newBaseQueryBuilder()
#10 /home/echoes/Downloads/laravel/bootstrap/compiled.php(6475): Illuminate\Database\Eloquent\Model->newQuery()
#11 /home/echoes/Downloads/laravel/app/controllers/PaisesController.php(15): Illuminate\Database\Eloquent\Model::all()
#12 [internal function]: PaisesController->showDetalles()
#13 /home/echoes/Downloads/laravel/vendor/laravel/framework/src/Illuminate/Routing/Controller.php(231): call_user_func_array(Array, Array)
#14 /home/echoes/Downloads/laravel/bootstrap/compiled.php(5776): Illuminate\Routing\Controller->callAction('showDetalles', Array)
#15 /home/echoes/Downloads/laravel/bootstrap/compiled.php(5764): Illuminate\Routing\ControllerDispatcher->call(Object(PaisesController), Object(Illuminate\Routing\Route), 'showDetalles')
#16 /home/echoes/Downloads/laravel/bootstrap/compiled.php(4971): Illuminate\Routing\ControllerDispatcher->dispatch(Object(Illuminate\Routing\Route), Object(Illuminate\Http\Request), 'PaisesControlle...', 'showDetalles')
#17 [internal function]: Illuminate\Routing\Router->Illuminate\Routing\{closure}()
#18 /home/echoes/Downloads/laravel/bootstrap/compiled.php(5329): call_user_func_array(Object(Closure), Array)
#19 /home/echoes/Downloads/laravel/bootstrap/compiled.php(4996): Illuminate\Routing\Route->run(Object(Illuminate\Http\Request))
#20 /home/echoes/Downloads/laravel/bootstrap/compiled.php(4984): Illuminate\Routing\Router->dispatchToRoute(Object(Illuminate\Http\Request))
#21 /home/echoes/Downloads/laravel/bootstrap/compiled.php(715): Illuminate\Routing\Router->dispatch(Object(Illuminate\Http\Request))
#22 /home/echoes/Downloads/laravel/bootstrap/compiled.php(696): Illuminate\Foundation\Application->dispatch(Object(Illuminate\Http\Request))
#23 /home/echoes/Downloads/laravel/bootstrap/compiled.php(7744): Illuminate\Foundation\Application->handle(Object(Illuminate\Http\Request), 1, true)
#24 /home/echoes/Downloads/laravel/bootstrap/compiled.php(8351): Illuminate\Session\Middleware->handle(Object(Illuminate\Http\Request), 1, true)
#25 /home/echoes/Downloads/laravel/bootstrap/compiled.php(8298): Illuminate\Cookie\Queue->handle(Object(Illuminate\Http\Request), 1, true)
#26 /home/echoes/Downloads/laravel/bootstrap/compiled.php(10961): Illuminate\Cookie\Guard->handle(Object(Illuminate\Http\Request), 1, true)
#27 /home/echoes/Downloads/laravel/bootstrap/compiled.php(657): Stack\StackedHttpKernel->handle(Object(Illuminate\Http\Request))
#28 /home/echoes/Downloads/laravel/public/index.php(49): Illuminate\Foundation\Application->run()
#29 /home/echoes/Downloads/laravel/server.php(19): require_once('/home/echoes/Do...')
#30 {main} [] []
[2014-11-12 19:29:53] production.ERROR: exception 'PDOException' with message 'could not find driver' in /home/echoes/Downloads/laravel/vendor/laravel/framework/src/Illuminate/Database/Connectors/Connector.php:47
Stack trace:
#0 /home/echoes/Downloads/laravel/vendor/laravel/framework/src/Illuminate/Database/Connectors/Connector.php(47): PDO->__construct('pgsql:host=loca...', 'postgres', 'asdf123', Array)
#1 /home/echoes/Downloads/laravel/vendor/laravel/framework/src/Illuminate/Database/Connectors/PostgresConnector.php(34): Illuminate\Database\Connectors\Connector->createConnection('pgsql:host=loca...', Array, Array)
#2 /home/echoes/Downloads/laravel/bootstrap/compiled.php(7632): Illuminate\Database\Connectors\PostgresConnector->connect(Array)
#3 /home/echoes/Downloads/laravel/bootstrap/compiled.php(7628): Illuminate\Database\Connectors\ConnectionFactory->createSingleConnection(Array)
#4 /home/echoes/Downloads/laravel/bootstrap/compiled.php(7540): Illuminate\Database\Connectors\ConnectionFactory->make(Array, 'pgsql')
#5 /home/echoes/Downloads/laravel/bootstrap/compiled.php(7495): Illuminate\Database\DatabaseManager->makeConnection('pgsql')
#6 /home/echoes/Downloads/laravel/bootstrap/compiled.php(7376): Illuminate\Database\DatabaseManager->connection(NULL)
#7 /home/echoes/Downloads/laravel/bootstrap/compiled.php(7363): Illuminate\Database\Eloquent\Model::resolveConnection(NULL)
#8 /home/echoes/Downloads/laravel/bootstrap/compiled.php(6948): Illuminate\Database\Eloquent\Model->getConnection()
#9 /home/echoes/Downloads/laravel/bootstrap/compiled.php(6915): Illuminate\Database\Eloquent\Model->newBaseQueryBuilder()
#10 /home/echoes/Downloads/laravel/bootstrap/compiled.php(6475): Illuminate\Database\Eloquent\Model->newQuery()
#11 /home/echoes/Downloads/laravel/app/controllers/PaisesController.php(10): Illuminate\Database\Eloquent\Model::all()
#12 [internal function]: PaisesController->showListar()
#13 /home/echoes/Downloads/laravel/vendor/laravel/framework/src/Illuminate/Routing/Controller.php(231): call_user_func_array(Array, Array)
#14 /home/echoes/Downloads/laravel/bootstrap/compiled.php(5776): Illuminate\Routing\Controller->callAction('showListar', Array)
#15 /home/echoes/Downloads/laravel/bootstrap/compiled.php(5764): Illuminate\Routing\ControllerDispatcher->call(Object(PaisesController), Object(Illuminate\Routing\Route), 'showListar')
#16 /home/echoes/Downloads/laravel/bootstrap/compiled.php(4971): Illuminate\Routing\ControllerDispatcher->dispatch(Object(Illuminate\Routing\Route), Object(Illuminate\Http\Request), 'PaisesControlle...', 'showListar')
#17 [internal function]: Illuminate\Routing\Router->Illuminate\Routing\{closure}()
#18 /home/echoes/Downloads/laravel/bootstrap/compiled.php(5329): call_user_func_array(Object(Closure), Array)
#19 /home/echoes/Downloads/laravel/bootstrap/compiled.php(4996): Illuminate\Routing\Route->run(Object(Illuminate\Http\Request))
#20 /home/echoes/Downloads/laravel/bootstrap/compiled.php(4984): Illuminate\Routing\Router->dispatchToRoute(Object(Illuminate\Http\Request))
#21 /home/echoes/Downloads/laravel/bootstrap/compiled.php(715): Illuminate\Routing\Router->dispatch(Object(Illuminate\Http\Request))
#22 /home/echoes/Downloads/laravel/bootstrap/compiled.php(696): Illuminate\Foundation\Application->dispatch(Object(Illuminate\Http\Request))
#23 /home/echoes/Downloads/laravel/bootstrap/compiled.php(7744): Illuminate\Foundation\Application->handle(Object(Illuminate\Http\Request), 1, true)
#24 /home/echoes/Downloads/laravel/bootstrap/compiled.php(8351): Illuminate\Session\Middleware->handle(Object(Illuminate\Http\Request), 1, true)
#25 /home/echoes/Downloads/laravel/bootstrap/compiled.php(8298): Illuminate\Cookie\Queue->handle(Object(Illuminate\Http\Request), 1, true)
#26 /home/echoes/Downloads/laravel/bootstrap/compiled.php(10961): Illuminate\Cookie\Guard->handle(Object(Illuminate\Http\Request), 1, true)
#27 /home/echoes/Downloads/laravel/bootstrap/compiled.php(657): Stack\StackedHttpKernel->handle(Object(Illuminate\Http\Request))
#28 /home/echoes/Downloads/laravel/public/index.php(49): Illuminate\Foundation\Application->run()
#29 /home/echoes/Downloads/laravel/server.php(19): require_once('/home/echoes/Do...')
#30 {main} [] []
